d:\chatscript\chatscriptide\debug\chatscriptide.pch
d:\chatscript\chatscriptide\debug\vc142.pdb
d:\chatscript\chatscriptide\debug\vc142.idb
d:\chatscript\chatscriptide\debug\stdafx.obj
d:\chatscript\chatscriptide\debug\outputsystem.obj
d:\chatscript\chatscriptide\debug\os.obj
d:\chatscript\chatscriptide\debug\mysql.obj
d:\chatscript\chatscriptide\debug\mssql.obj
d:\chatscript\chatscriptide\debug\mongodb.obj
d:\chatscript\chatscriptide\debug\marksystem.obj
d:\chatscript\chatscriptide\debug\mainsystem.obj
d:\chatscript\chatscriptide\debug\json.obj
d:\chatscript\chatscriptide\debug\jsmn.obj
d:\chatscript\chatscriptide\debug\javascript.obj
d:\chatscript\chatscriptide\debug\infer.obj
d:\chatscript\chatscriptide\debug\functionexecute.obj
d:\chatscript\chatscriptide\debug\factsystem.obj
d:\chatscript\chatscriptide\debug\evserver.obj
d:\chatscript\chatscriptide\debug\englishtagger.obj
d:\chatscript\chatscriptide\debug\english.obj
d:\chatscript\chatscriptide\debug\duktape.obj
d:\chatscript\chatscriptide\debug\dictionarysystem.obj
d:\chatscript\chatscriptide\debug\csocket.obj
d:\chatscript\chatscriptide\debug\constructcode.obj
d:\chatscript\chatscriptide\debug\variablesystem.obj
d:\chatscript\chatscriptide\debug\usersystem.obj
d:\chatscript\chatscriptide\debug\usercache.obj
d:\chatscript\chatscriptide\debug\topicsystem.obj
d:\chatscript\chatscriptide\debug\tokensystem.obj
d:\chatscript\chatscriptide\debug\textutilities.obj
d:\chatscript\chatscriptide\debug\testing.obj
d:\chatscript\chatscriptide\debug\tagger.obj
d:\chatscript\chatscriptide\debug\systemvariables.obj
d:\chatscript\chatscriptide\debug\spellcheck.obj
d:\chatscript\chatscriptide\debug\secure.obj
d:\chatscript\chatscriptide\debug\scriptcompile.obj
d:\chatscript\chatscriptide\debug\privatesrc.obj
d:\chatscript\chatscriptide\debug\postgres.obj
d:\chatscript\chatscriptide\debug\patternsystem.obj
d:\chatscript\chatscriptide\debug\chatscriptide.tlog\cl.command.1.tlog
d:\chatscript\chatscriptide\debug\chatscriptide.tlog\cl.read.1.tlog
d:\chatscript\chatscriptide\debug\chatscriptide.tlog\cl.write.1.tlog
