c:\chatscript\chatscriptide\release\chatscriptide.pch
c:\chatscript\chatscriptide\release\vc140.pdb
c:\chatscript\chatscriptide\release\stdafx.obj
c:\chatscript\chatscriptide\release\patternsystem.obj
c:\chatscript\chatscriptide\release\outputsystem.obj
c:\chatscript\chatscriptide\release\os.obj
c:\chatscript\chatscriptide\release\mysql.obj
c:\chatscript\chatscriptide\release\mongodb.obj
c:\chatscript\chatscriptide\release\marksystem.obj
c:\chatscript\chatscriptide\release\mainsystem.obj
c:\chatscript\chatscriptide\release\json.obj
c:\chatscript\chatscriptide\release\jsmn.obj
c:\chatscript\chatscriptide\release\javascript.obj
c:\chatscript\chatscriptide\release\infer.obj
c:\chatscript\chatscriptide\release\functionexecute.obj
c:\chatscript\chatscriptide\release\factsystem.obj
c:\chatscript\chatscriptide\release\evserver.obj
c:\chatscript\chatscriptide\release\englishtagger.obj
c:\chatscript\chatscriptide\release\english.obj
c:\chatscript\chatscriptide\release\duktape.obj
c:\chatscript\chatscriptide\release\dictionarysystem.obj
c:\chatscript\chatscriptide\release\csocket.obj
c:\chatscript\chatscriptide\release\constructcode.obj
c:\chatscript\chatscriptide\release\chatscriptide.obj
c:\chatscript\chatscriptide\release\variablesystem.obj
c:\chatscript\chatscriptide\release\usersystem.obj
c:\chatscript\chatscriptide\release\usercache.obj
c:\chatscript\chatscriptide\release\topicsystem.obj
c:\chatscript\chatscriptide\release\tokensystem.obj
c:\chatscript\chatscriptide\release\textutilities.obj
c:\chatscript\chatscriptide\release\testing.obj
c:\chatscript\chatscriptide\release\tagger.obj
c:\chatscript\chatscriptide\release\systemvariables.obj
c:\chatscript\chatscriptide\release\spellcheck.obj
c:\chatscript\chatscriptide\release\secure.obj
c:\chatscript\chatscriptide\release\scriptcompile.obj
c:\chatscript\chatscriptide\release\privatesrc.obj
c:\chatscript\chatscriptide\release\postgres.obj
c:\chatscript\chatscriptide\release\cs_ev.obj
c:\chatscript\binaries\chatscriptide.exe
c:\chatscript\binaries\chatscriptide.ipdb
c:\chatscript\binaries\chatscriptide.iobj
c:\chatscript\binaries\chatscriptide.pdb
c:\chatscript\chatscriptide\release\chatscriptide.res
c:\chatscript\vs2015\..\binaries\chatscriptide.pdb
c:\chatscript\vs2015\..\binaries\chatscriptide.exe
c:\chatscript\chatscriptide\release\chatscriptide.tlog\cl.command.1.tlog
c:\chatscript\chatscriptide\release\chatscriptide.tlog\cl.read.1.tlog
c:\chatscript\chatscriptide\release\chatscriptide.tlog\cl.write.1.tlog
c:\chatscript\chatscriptide\release\chatscriptide.tlog\link.command.1.tlog
c:\chatscript\chatscriptide\release\chatscriptide.tlog\link.read.1.tlog
c:\chatscript\chatscriptide\release\chatscriptide.tlog\link.write.1.tlog
c:\chatscript\chatscriptide\release\chatscriptide.tlog\rc.command.1.tlog
c:\chatscript\chatscriptide\release\chatscriptide.tlog\rc.read.1.tlog
c:\chatscript\chatscriptide\release\chatscriptide.tlog\rc.write.1.tlog
