d:\chatscript\binaries\chatscriptide.ipdb
d:\chatscript\binaries\chatscriptide.iobj
d:\chatscript\chatscriptide\releasemssql\chatscriptide.pch
d:\chatscript\chatscriptide\releasemssql\vc142.pdb
d:\chatscript\chatscriptide\releasemssql\stdafx.obj
d:\chatscript\chatscriptide\releasemssql\outputsystem.obj
d:\chatscript\chatscriptide\releasemssql\os.obj
d:\chatscript\chatscriptide\releasemssql\mysql.obj
d:\chatscript\chatscriptide\releasemssql\mssql.obj
d:\chatscript\chatscriptide\releasemssql\mongodb.obj
d:\chatscript\chatscriptide\releasemssql\marksystem.obj
d:\chatscript\chatscriptide\releasemssql\mainsystem.obj
d:\chatscript\chatscriptide\releasemssql\json.obj
d:\chatscript\chatscriptide\releasemssql\jsmn.obj
d:\chatscript\chatscriptide\releasemssql\javascript.obj
d:\chatscript\chatscriptide\releasemssql\infer.obj
d:\chatscript\chatscriptide\releasemssql\functionexecute.obj
d:\chatscript\chatscriptide\releasemssql\factsystem.obj
d:\chatscript\chatscriptide\releasemssql\evserver.obj
d:\chatscript\chatscriptide\releasemssql\englishtagger.obj
d:\chatscript\chatscriptide\releasemssql\english.obj
d:\chatscript\chatscriptide\releasemssql\duktape.obj
d:\chatscript\chatscriptide\releasemssql\dictionarysystem.obj
d:\chatscript\chatscriptide\releasemssql\csocket.obj
d:\chatscript\chatscriptide\releasemssql\constructcode.obj
d:\chatscript\chatscriptide\releasemssql\chatscriptide.obj
d:\chatscript\chatscriptide\releasemssql\variablesystem.obj
d:\chatscript\chatscriptide\releasemssql\usersystem.obj
d:\chatscript\chatscriptide\releasemssql\usercache.obj
d:\chatscript\chatscriptide\releasemssql\topicsystem.obj
d:\chatscript\chatscriptide\releasemssql\tokensystem.obj
d:\chatscript\chatscriptide\releasemssql\textutilities.obj
d:\chatscript\chatscriptide\releasemssql\testing.obj
d:\chatscript\chatscriptide\releasemssql\tagger.obj
d:\chatscript\chatscriptide\releasemssql\systemvariables.obj
d:\chatscript\chatscriptide\releasemssql\spellcheck.obj
d:\chatscript\chatscriptide\releasemssql\secure.obj
d:\chatscript\chatscriptide\releasemssql\scriptcompile.obj
d:\chatscript\chatscriptide\releasemssql\privatesrc.obj
d:\chatscript\chatscriptide\releasemssql\postgres.obj
d:\chatscript\chatscriptide\releasemssql\patternsystem.obj
d:\chatscript\chatscriptide\releasemssql\cs_ev.obj
d:\chatscript\binaries\chatscriptide.exe
d:\chatscript\binaries\chatscriptide.pdb
d:\chatscript\chatscriptide\releasemssql\chatscriptide.res
d:\chatscript\vs2019\..\binaries\chatscriptide.pdb
d:\chatscript\vs2019\..\binaries\chatscriptide.exe
d:\chatscript\chatscriptide\releasemssql\chatscriptide.tlog\chatscriptide.write.1u.tlog
d:\chatscript\chatscriptide\releasemssql\chatscriptide.tlog\cl.command.1.tlog
d:\chatscript\chatscriptide\releasemssql\chatscriptide.tlog\cl.read.1.tlog
d:\chatscript\chatscriptide\releasemssql\chatscriptide.tlog\cl.write.1.tlog
d:\chatscript\chatscriptide\releasemssql\chatscriptide.tlog\link.command.1.tlog
d:\chatscript\chatscriptide\releasemssql\chatscriptide.tlog\link.read.1.tlog
d:\chatscript\chatscriptide\releasemssql\chatscriptide.tlog\link.write.1.tlog
d:\chatscript\chatscriptide\releasemssql\chatscriptide.tlog\rc.command.1.tlog
d:\chatscript\chatscriptide\releasemssql\chatscriptide.tlog\rc.read.1.tlog
d:\chatscript\chatscriptide\releasemssql\chatscriptide.tlog\rc.write.1.tlog
